{
  "/home/francislagares/webdev/restate-app/src/app/_layout.tsx": {
    "path": "/home/francislagares/webdev/restate-app/src/app/_layout.tsx",
    "statementMap": {
      "0": {
        "start": { "line": 4, "column": 2 },
        "end": { "line": 4, "column": 19 }
      }
    },
    "fnMap": {
      "0": {
        "name": "RootLayout",
        "decl": {
          "start": { "line": 3, "column": 24 },
          "end": { "line": 3, "column": 34 }
        },
        "loc": {
          "start": { "line": 3, "column": 37 },
          "end": { "line": 5, "column": 1 }
        },
        "line": 3
      }
    },
    "branchMap": {},
    "s": { "0": 0 },
    "f": { "0": 0 },
    "b": {}
  },
  "/home/francislagares/webdev/restate-app/src/app/index.tsx": {
    "path": "/home/francislagares/webdev/restate-app/src/app/index.tsx",
    "statementMap": {
      "0": {
        "start": { "line": 4, "column": 2 },
        "end": { "line": 14, "column": 4 }
      }
    },
    "fnMap": {
      "0": {
        "name": "Index",
        "decl": {
          "start": { "line": 3, "column": 24 },
          "end": { "line": 3, "column": 29 }
        },
        "loc": {
          "start": { "line": 3, "column": 32 },
          "end": { "line": 15, "column": 1 }
        },
        "line": 3
      }
    },
    "branchMap": {},
    "s": { "0": 1 },
    "f": { "0": 1 },
    "b": {},
    "_coverageSchema": "1a1c01bbd47fc00a2c39e90264f33305004495a9",
    "hash": "8564b5c6694fd0fc22c1ede7c295e44df27429e8"
  }
}
